<?xml version="1.0" encoding="UTF-8"?>
<testsuite xmlns:xsi="http://www.w3.org/2001/XMLSchema-instance" xsi:noNamespaceSchemaLocation="https://maven.apache.org/surefire/maven-surefire-plugin/xsd/surefire-test-report-3.0.xsd" version="3.0" name="TestSuite" time="2,965.951" tests="6" errors="0" skipped="0" failures="2">
  <properties>
[...]
</properties>
  <testcase name="createRoles" classname="com.vtiger.settings.RolesTest" time="102.248"/>
  <testcase name="EditRoleName" classname="com.vtiger.settings.RolesTest" time="89.516"/>
  <testcase name="EditRoleNameUsingEditButton" classname="com.vtiger.settings.RolesTest" time="93.221"/>
  <testcase name="EditRoleWithChangingProfileTest" classname="com.vtiger.settings.RolesTest" time="223.894"/>
  <testcase name="EditRoleWithAddingNewProfile" classname="com.vtiger.settings.RolesTest" time="2,389.954">
    <failure message="Element is not currently visible and so may not be interacted with&#10;Command duration or timeout: 2225.67 seconds&#10;Build info: version: &apos;2.53.1&apos;, revision: &apos;a36b8b1cd5757287168e54b817830adce9b0158d&apos;, time: &apos;2016-06-30 19:26:09&apos;&#10;System info: host: &apos;Dell-PC&apos;, ip: &apos;127.0.0.1&apos;, os.name: &apos;Windows 7&apos;, os.arch: &apos;amd64&apos;, os.version: &apos;6.1&apos;, java.version: &apos;1.8.0_181&apos;&#10;Driver info: org.openqa.selenium.firefox.FirefoxDriver&#10;Capabilities [{applicationCacheEnabled=true, rotatable=false, handlesAlerts=true, databaseEnabled=true, version=45.0, platform=WINDOWS, nativeEvents=false, acceptSslCerts=true, webStorageEnabled=true, locationContextEnabled=true, browserName=firefox, takesScreenshot=true, javascriptEnabled=true, cssSelectorsEnabled=true}]&#10;Session ID: 015a321a-e03b-4126-b311-cf6ce3fc5330" type="org.openqa.selenium.ElementNotVisibleException">org.openqa.selenium.ElementNotVisibleException: 
Element is not currently visible and so may not be interacted with
Command duration or timeout: 2225.67 seconds
Build info: version: '2.53.1', revision: 'a36b8b1cd5757287168e54b817830adce9b0158d', time: '2016-06-30 19:26:09'
System info: host: 'Dell-PC', ip: '127.0.0.1', os.name: 'Windows 7', os.arch: 'amd64', os.version: '6.1', java.version: '1.8.0_181'
Driver info: org.openqa.selenium.firefox.FirefoxDriver
Capabilities [{applicationCacheEnabled=true, rotatable=false, handlesAlerts=true, databaseEnabled=true, version=45.0, platform=WINDOWS, nativeEvents=false, acceptSslCerts=true, webStorageEnabled=true, locationContextEnabled=true, browserName=firefox, takesScreenshot=true, javascriptEnabled=true, cssSelectorsEnabled=true}]
Session ID: 015a321a-e03b-4126-b311-cf6ce3fc5330
	at com.vtiger.settings.RolesTest.EditRoleWithAddingNewProfile(RolesTest.java:1506)
Caused by: org.openqa.selenium.ElementNotVisibleException: 
Element is not currently visible and so may not be interacted with
Build info: version: '2.53.1', revision: 'a36b8b1cd5757287168e54b817830adce9b0158d', time: '2016-06-30 19:26:09'
System info: host: 'Dell-PC', ip: '127.0.0.1', os.name: 'Windows 7', os.arch: 'amd64', os.version: '6.1', java.version: '1.8.0_181'
Driver info: driver.version: unknown
</failure>
    <system-out><![CDATA[Logout
Login
Going to Create Profile... Marketing Profile_6237
In CRM Settings
In Profiles
After Clicking on New Profile button
In Create New Profile
In Create New Profile ...Next Clicked
In Create New Profile ...Finish Clicked....created profile is Marketing Profile_6237
Profile created.. Marketing Profile_6237
In CRM Settings
after moving mouse cursor!
After clicking on add role!
New Role Name entered Sales Man_5712
Profile Selected >>Marketing Profile_6237
 Verified success Marketing Profile_6237 shown in "Members of List"
 Save button Clicked ..
 
 Role Sales Man_5712  created >>pass !!!
Going to Create Profile... Marketing Profile_6237_9875_10
In CRM Settings
In Profiles
In Create New Profile
In Create New Profile ...Next Clicked
In Create New Profile ...Finish Clicked....created profile is Marketing Profile_6237_9875_10
Profile created.. Marketing Profile_6237_9875_10
In CRM Settings
]]></system-out>
  </testcase>
  <testcase name="configAS" classname="com.vtiger.settings.RolesTest" time="2,402.674">
    <failure message="Source &apos;.\test-output\emailable-report.html&apos; does not exist" type="java.io.FileNotFoundException">java.io.FileNotFoundException: Source '.\test-output\emailable-report.html' does not exist
</failure>
    <system-out><![CDATA[Logout
=====Close Browser=======
******Disconnect to DB***********
***After Suite
******Take Report Backup***********
***After Suite
]]></system-out>
  </testcase>
</testsuite>